<?xml version="1.0" encoding="UTF-8"?>
<!-- Generated by org.testng.reporters.JUnitReportReporter -->
<testsuite hostname="guilherme-ThinkCentre-M92p" name="teste.erbd.AppTest" tests="1" failures="0" timestamp="20 Mar 2018 13:08:34 GMT" time="0.004" errors="0">
  <testcase name="testApp" time="0.004" classname="teste.erbd.AppTest"/>
</testsuite> <!-- teste.erbd.AppTest -->
